<?xml version="1.0" encoding="UTF-8"?>
<!-- Generated by org.testng.reporters.JUnitReportReporter -->
<testsuite skipped="0" hostname="LAPTOP-Q1JS9RGK" name="Stuff.AppTest" tests="1" failures="0" timestamp="10 Oct 2017 20:56:14 GMT" time="24.893" errors="0">
  <testcase name="testOne" time="24.893" classname="Stuff.AppTest"/>
</testsuite> <!-- Stuff.AppTest -->
